# JRE version: OpenJDK Runtime Environment (8.0_76-b03) (build 1.8.0_76-release-b03)
# Java VM: OpenJDK 64-Bit Server VM (25.76-b03 mixed mode windows-amd64 compressed oops)
Heap:
 PSYoungGen      total 477184K, used 108982K [0x00000000e0000000, 0x00000000ffc00000, 0x0000000100000000)
  eden space 438272K, 22% used [0x00000000e0000000,0x00000000e5f8a720,0x00000000fac00000)
  from space 38912K, 28% used [0x00000000fd600000,0x00000000fe0e3240,0x00000000ffc00000)
  to   space 40960K, 0% used [0x00000000fac00000,0x00000000fac00000,0x00000000fd400000)
 ParOldGen       total 176640K, used 80350K [0x00000000a0000000, 0x00000000aac80000, 0x00000000e0000000)
  object space 176640K, 45% used [0x00000000a0000000,0x00000000a4e77a80,0x00000000aac80000)
 Metaspace       used 79377K, capacity 82404K, committed 82648K, reserved 1120256K
  class space    used 10413K, capacity 11212K, committed 11264K, reserved 1048576K
GC Heap History (10 events):
Event: 336.006 GC heap before
{Heap before GC invocations=16 (full 3):
 PSYoungGen      total 468480K, used 467975K [0x00000000e0000000, 0x0000000100000000, 0x0000000100000000)
  eden space 435200K, 99% used [0x00000000e0000000,0x00000000fa882690,0x00000000fa900000)
  from space 33280K, 99% used [0x00000000fdf00000,0x00000000fff7f8f8,0x00000000fff80000)
  to   space 44544K, 0% used [0x00000000fa900000,0x00000000fa900000,0x00000000fd480000)
 ParOldGen       total 126464K, used 86042K [0x00000000a0000000, 0x00000000a7b80000, 0x00000000e0000000)
  object space 126464K, 68% used [0x00000000a0000000,0x00000000a5406b80,0x00000000a7b80000)
 Metaspace       used 74974K, capacity 77860K, committed 78168K, reserved 1116160K
  class space    used 9749K, capacity 10544K, committed 10624K, reserved 1048576K
Event: 336.055 GC heap after
Heap after GC invocations=16 (full 3):
 PSYoungGen      total 479744K, used 15517K [0x00000000e0000000, 0x0000000100000000, 0x0000000100000000)
  eden space 435200K, 0% used [0x00000000e0000000,0x00000000e0000000,0x00000000fa900000)
  from space 44544K, 34% used [0x00000000fa900000,0x00000000fb827638,0x00000000fd480000)
  to   space 42496K, 0% used [0x00000000fd680000,0x00000000fd680000,0x0000000100000000)
 ParOldGen       total 126464K, used 112998K [0x00000000a0000000, 0x00000000a7b80000, 0x00000000e0000000)
  object space 126464K, 89% used [0x00000000a0000000,0x00000000a6e598b8,0x00000000a7b80000)
 Metaspace       used 74974K, capacity 77860K, committed 78168K, reserved 1116160K
  class space    used 9749K, capacity 10544K, committed 10624K, reserved 1048576K
}
Event: 336.056 GC heap before
{Heap before GC invocations=17 (full 4):
 PSYoungGen      total 479744K, used 15517K [0x00000000e0000000, 0x0000000100000000, 0x0000000100000000)
  eden space 435200K, 0% used [0x00000000e0000000,0x00000000e0000000,0x00000000fa900000)
  from space 44544K, 34% used [0x00000000fa900000,0x00000000fb827638,0x00000000fd480000)
  to   space 42496K, 0% used [0x00000000fd680000,0x00000000fd680000,0x0000000100000000)
 ParOldGen       total 126464K, used 112998K [0x00000000a0000000, 0x00000000a7b80000, 0x00000000e0000000)
  object space 126464K, 89% used [0x00000000a0000000,0x00000000a6e598b8,0x00000000a7b80000)
 Metaspace       used 74974K, capacity 77860K, committed 78168K, reserved 1116160K
  class space    used 9749K, capacity 10544K, committed 10624K, reserved 1048576K
Event: 336.466 GC heap after
Heap after GC invocations=17 (full 4):
 PSYoungGen      total 479744K, used 0K [0x00000000e0000000, 0x0000000100000000, 0x0000000100000000)
  eden space 435200K, 0% used [0x00000000e0000000,0x00000000e0000000,0x00000000fa900000)
  from space 44544K, 0% used [0x00000000fa900000,0x00000000fa900000,0x00000000fd480000)
  to   space 42496K, 0% used [0x00000000fd680000,0x00000000fd680000,0x0000000100000000)
 ParOldGen       total 176640K, used 80270K [0x00000000a0000000, 0x00000000aac80000, 0x00000000e0000000)
  object space 176640K, 45% used [0x00000000a0000000,0x00000000a4e63a80,0x00000000aac80000)
 Metaspace       used 74974K, capacity 77860K, committed 78168K, reserved 1116160K
  class space    used 9749K, capacity 10544K, committed 10624K, reserved 1048576K
}
Event: 336.558 GC heap before
{Heap before GC invocations=18 (full 4):
 PSYoungGen      total 479744K, used 434814K [0x00000000e0000000, 0x0000000100000000, 0x0000000100000000)
  eden space 435200K, 99% used [0x00000000e0000000,0x00000000fa89f9f8,0x00000000fa900000)
  from space 44544K, 0% used [0x00000000fa900000,0x00000000fa900000,0x00000000fd480000)
  to   space 42496K, 0% used [0x00000000fd680000,0x00000000fd680000,0x0000000100000000)
 ParOldGen       total 176640K, used 80270K [0x00000000a0000000, 0x00000000aac80000, 0x00000000e0000000)
  object space 176640K, 45% used [0x00000000a0000000,0x00000000a4e63a80,0x00000000aac80000)
 Metaspace       used 74983K, capacity 77860K, committed 78168K, reserved 1116160K
  class space    used 9749K, capacity 10544K, committed 10624K, reserved 1048576K
Event: 336.562 GC heap after
Heap after GC invocations=18 (full 4):
 PSYoungGen      total 478720K, used 96K [0x00000000e0000000, 0x00000000fff00000, 0x0000000100000000)
  eden space 437248K, 0% used [0x00000000e0000000,0x00000000e0000000,0x00000000fab00000)
  from space 41472K, 0% used [0x00000000fd680000,0x00000000fd698000,0x00000000fff00000)
  to   space 43008K, 0% used [0x00000000fab00000,0x00000000fab00000,0x00000000fd500000)
 ParOldGen       total 176640K, used 80270K [0x00000000a0000000, 0x00000000aac80000, 0x00000000e0000000)
  object space 176640K, 45% used [0x00000000a0000000,0x00000000a4e63a80,0x00000000aac80000)
 Metaspace       used 74983K, capacity 77860K, committed 78168K, reserved 1116160K
  class space    used 9749K, capacity 10544K, committed 10624K, reserved 1048576K
}
Event: 336.659 GC heap before
{Heap before GC invocations=19 (full 4):
 PSYoungGen      total 478720K, used 437126K [0x00000000e0000000, 0x00000000fff00000, 0x0000000100000000)
  eden space 437248K, 99% used [0x00000000e0000000,0x00000000faac9900,0x00000000fab00000)
  from space 41472K, 0% used [0x00000000fd680000,0x00000000fd698000,0x00000000fff00000)
  to   space 43008K, 0% used [0x00000000fab00000,0x00000000fab00000,0x00000000fd500000)
 ParOldGen       total 176640K, used 80270K [0x00000000a0000000, 0x00000000aac80000, 0x00000000e0000000)
  object space 176640K, 45% used [0x00000000a0000000,0x00000000a4e63a80,0x00000000aac80000)
 Metaspace       used 74983K, capacity 77860K, committed 78168K, reserved 1116160K
  class space    used 9749K, capacity 10544K, committed 10624K, reserved 1048576K
Event: 336.662 GC heap after
Heap after GC invocations=19 (full 4):
 PSYoungGen      total 480256K, used 96K [0x00000000e0000000, 0x0000000100000000, 0x0000000100000000)
  eden space 437248K, 0% used [0x00000000e0000000,0x00000000e0000000,0x00000000fab00000)
  from space 43008K, 0% used [0x00000000fab00000,0x00000000fab18000,0x00000000fd500000)
  to   space 43008K, 0% used [0x00000000fd600000,0x00000000fd600000,0x0000000100000000)
 ParOldGen       total 176640K, used 80310K [0x00000000a0000000, 0x00000000aac80000, 0x00000000e0000000)
  object space 176640K, 45% used [0x00000000a0000000,0x00000000a4e6da80,0x00000000aac80000)
 Metaspace       used 74983K, capacity 77860K, committed 78168K, reserved 1116160K
  class space    used 9749K, capacity 10544K, committed 10624K, reserved 1048576K
}
Event: 372.264 GC heap before
{Heap before GC invocations=20 (full 4):
 PSYoungGen      total 480256K, used 437344K [0x00000000e0000000, 0x0000000100000000, 0x0000000100000000)
  eden space 437248K, 100% used [0x00000000e0000000,0x00000000fab00000,0x00000000fab00000)
  from space 43008K, 0% used [0x00000000fab00000,0x00000000fab18000,0x00000000fd500000)
  to   space 43008K, 0% used [0x00000000fd600000,0x00000000fd600000,0x0000000100000000)
 ParOldGen       total 176640K, used 80310K [0x00000000a0000000, 0x00000000aac80000, 0x00000000e0000000)
  object space 176640K, 45% used [0x00000000a0000000,0x00000000a4e6da80,0x00000000aac80000)
 Metaspace       used 78487K, capacity 81476K, committed 81752K, reserved 1120256K
  class space    used 10252K, capacity 11052K, committed 11136K, reserved 1048576K
Event: 372.306 GC heap after
Heap after GC invocations=20 (full 4):
 PSYoungGen      total 477184K, used 11148K [0x00000000e0000000, 0x00000000ffc00000, 0x0000000100000000)
  eden space 438272K, 0% used [0x00000000e0000000,0x00000000e0000000,0x00000000fac00000)
  from space 38912K, 28% used [0x00000000fd600000,0x00000000fe0e3240,0x00000000ffc00000)
  to   space 40960K, 0% used [0x00000000fac00000,0x00000000fac00000,0x00000000fd400000)
 ParOldGen       total 176640K, used 80350K [0x00000000a0000000, 0x00000000aac80000, 0x00000000e0000000)
  object space 176640K, 45% used [0x00000000a0000000,0x00000000a4e77a80,0x00000000aac80000)
 Metaspace       used 78487K, capacity 81476K, committed 81752K, reserved 1120256K
  class space    used 10252K, capacity 11052K, committed 11136K, reserved 1048576K
}

